Warning: no access to tty (Bad file descriptor).
Thus no job control in this shell.
thread ID: 1
thread ID: 3
start: 750000, end: 1000000
Thread start time: 0
thread ID: 2
start: 500000, end: 750000
Thread start time: 0
thread ID: 0
start: 0, end: 250000
Thread start time: 0
start: 250000, end: 500000
Thread start time: 0
Thread finish time: 24220000
Thread finish time: 24250000
sub total 31249875000
time used: 24250000
Thread finish time: 24250000
Thread finish time: 24250000
sub total 93749875000
time used: 24250000
sub total 156249875000
time used: 24250000
sub total 218749875000
time used: 24250000
total 499999500000
time used: 24250000
