-catch_rsh /cm/local/apps/sge/var/spool/compute078/active_jobs/62556.1/pe_hostfile
compute078
compute078
compute078
compute078
compute078
compute078
compute078
compute078
compute078
compute078
compute078
compute078
compute078
compute078
compute078
compute078
compute078
compute078
compute078
compute078
/bin/python: No module named mpi4py
/bin/python: No module named mpi4py
/bin/python: No module named mpi4py
/bin/python: No module named mpi4py
/bin/python: No module named mpi4py
/bin/python: No module named mpi4py
/bin/python: No module named mpi4py
/bin/python: No module named mpi4py
/bin/python: No module named mpi4py
/bin/python: No module named mpi4py
/bin/python: No module named mpi4py
/bin/python: No module named mpi4py
-------------------------------------------------------
Primary job  terminated normally, but 1 process returned
a non-zero exit code. Per user-direction, the job has been aborted.
-------------------------------------------------------
/bin/python: No module named mpi4py
