-catch_rsh /cm/local/apps/sge/var/spool/compute058/active_jobs/62564.1/pe_hostfile
compute058
compute058
compute058
compute058
compute058
compute058
compute058
compute058
compute058
compute058
compute058
compute058
compute058
compute058
compute058
compute058
compute058
compute058
compute058
compute058
/bin/python: No module named mpi_prog1.py
/bin/python: No module named mpi_prog1.py
-------------------------------------------------------
Primary job  terminated normally, but 1 process returned
a non-zero exit code. Per user-direction, the job has been aborted.
-------------------------------------------------------
--------------------------------------------------------------------------
mpiexec detected that one or more processes exited with non-zero status, thus causing
the job to be terminated. The first process to do so was:

  Process name: [[43062,1],0]
  Exit code:    1
--------------------------------------------------------------------------
